0 info it worked if it ends with ok
1 verbose cli [ '/home/docker-user/.nvm/versions/node/v6.3.1/bin/node',
1 verbose cli   '/home/docker-user/.nvm/versions/node/v6.3.1/bin/npm',
1 verbose cli   'publish' ]
2 info using npm@3.10.3
3 info using node@v6.3.1
4 verbose publish [ '.' ]
5 silly cache add args [ '.', null ]
6 verbose cache add spec .
7 silly cache add parsed spec Result {
7 silly cache add   raw: '.',
7 silly cache add   scope: null,
7 silly cache add   escapedName: null,
7 silly cache add   name: null,
7 silly cache add   rawSpec: '.',
7 silly cache add   spec: '/home/docker-user/Documents/consul-helper',
7 silly cache add   type: 'directory' }
8 verbose addLocalDirectory /home/docker-user/.npm/consul-helper/2.2.1/package.tgz not in flight; packing
9 verbose correctMkdir /home/docker-user/.npm correctMkdir not in flight; initializing
10 info lifecycle consul-helper@2.2.1~prepublish: consul-helper@2.2.1
11 silly lifecycle consul-helper@2.2.1~prepublish: no script for prepublish, continuing
12 verbose tar pack [ '/home/docker-user/.npm/consul-helper/2.2.1/package.tgz',
12 verbose tar pack   '/home/docker-user/Documents/consul-helper' ]
13 verbose tarball /home/docker-user/.npm/consul-helper/2.2.1/package.tgz
14 verbose folder /home/docker-user/Documents/consul-helper
15 verbose addLocalTarball adding from inside cache /home/docker-user/.npm/consul-helper/2.2.1/package.tgz
16 verbose correctMkdir /home/docker-user/.npm correctMkdir not in flight; initializing
17 silly cache afterAdd consul-helper@2.2.1
18 verbose afterAdd /home/docker-user/.npm/consul-helper/2.2.1/package/package.json not in flight; writing
19 verbose correctMkdir /home/docker-user/.npm correctMkdir not in flight; initializing
20 verbose afterAdd /home/docker-user/.npm/consul-helper/2.2.1/package/package.json written
21 silly publish { name: 'consul-helper',
21 silly publish   version: '2.2.1',
21 silly publish   description: 'Watch service changes and get service information',
21 silly publish   main: 'index.js',
21 silly publish   scripts: { test: 'npm test' },
21 silly publish   repository:
21 silly publish    { type: 'git',
21 silly publish      url: 'git+https://github.com/crokita/consul-helper.git' },
21 silly publish   keywords: [ 'consul' ],
21 silly publish   author: { name: 'Christopher Rokita' },
21 silly publish   license: 'ISC',
21 silly publish   bugs: { url: 'https://github.com/crokita/consul-helper/issues' },
21 silly publish   homepage: 'https://github.com/crokita/consul-helper#readme',
21 silly publish   dependencies: { consul: '^0.25.0', functionite: '^1.1.1' },
21 silly publish   readme: 'Do you have a Consul cluster running?\n\nDo you have a local consul agent connected to the cluster?\n\nGood. You can use this package.\n\nThis package is not meant for general use and is used specifically for Manticore\n\nHow can you use it? Like this:\n```\nvar consuler = require(\'consul-helper\')("127.0.0.1"); //ip of local consul agent\nconst serviceName = "service-name";\n\n//check for changes in all services in a datacenter, but return information of one service\nconsuler.watchService(serviceName, function (services) {\n\tconsole.log(services);\n\t//retrieve address and port information of all services of a certain name\n\tconsuler.getServiceAddresses(serviceName, function (results) {\n\t\tif (results.length > 0) {\n\t\t\tconsole.log(results);\n\t\t}\n\t\telse {\n\t\t\tconsole.log("No servers found");\n\t\t}\n\t});\n});\n\n```',
21 silly publish   readmeFilename: 'README.md',
21 silly publish   gitHead: 'e7003f0be5d85464cf9928ce3d47f6a95858948a',
21 silly publish   _id: 'consul-helper@2.2.1',
21 silly publish   _shasum: '2da5d92cdcfd67d05bd9bed14c3ccf05a9ba4e13',
21 silly publish   _from: '.' }
22 verbose getPublishConfig undefined
23 silly mapToRegistry name consul-helper
24 silly mapToRegistry using default registry
25 silly mapToRegistry registry https://registry.npmjs.org/
26 silly mapToRegistry data Result {
26 silly mapToRegistry   raw: 'consul-helper',
26 silly mapToRegistry   scope: null,
26 silly mapToRegistry   escapedName: 'consul-helper',
26 silly mapToRegistry   name: 'consul-helper',
26 silly mapToRegistry   rawSpec: '',
26 silly mapToRegistry   spec: 'latest',
26 silly mapToRegistry   type: 'tag' }
27 silly mapToRegistry uri https://registry.npmjs.org/consul-helper
28 verbose publish registryBase https://registry.npmjs.org/
29 silly publish uploading /home/docker-user/.npm/consul-helper/2.2.1/package.tgz
30 verbose request uri https://registry.npmjs.org/consul-helper
31 verbose request sending authorization for write operation
32 info attempt registry request try #1 at 3:56:48 PM
33 verbose request using bearer token for auth
34 verbose request id 2c4e82b2c0bd8484
35 http request PUT https://registry.npmjs.org/consul-helper
36 http 403 https://registry.npmjs.org/consul-helper
37 verbose headers { 'content-type': 'application/json',
37 verbose headers   'cache-control': 'max-age=300',
37 verbose headers   'content-length': '95',
37 verbose headers   'accept-ranges': 'bytes',
37 verbose headers   date: 'Mon, 29 Aug 2016 19:58:16 GMT',
37 verbose headers   via: '1.1 varnish',
37 verbose headers   connection: 'keep-alive',
37 verbose headers   'x-served-by': 'cache-ord1725-ORD',
37 verbose headers   'x-cache': 'MISS',
37 verbose headers   'x-cache-hits': '0',
37 verbose headers   'x-timer': 'S1472500695.747300,VS0,VE810',
37 verbose headers   vary: 'Accept-Encoding' }
38 verbose request invalidating /home/docker-user/.npm/registry.npmjs.org/consul-helper on PUT
39 error publish Failed PUT 403
40 verbose stack Error: "You cannot publish over the previously published version 2.2.1." : consul-helper
40 verbose stack     at makeError (/home/docker-user/.nvm/versions/node/v6.3.1/lib/node_modules/npm/node_modules/npm-registry-client/lib/request.js:264:12)
40 verbose stack     at CachingRegistryClient.<anonymous> (/home/docker-user/.nvm/versions/node/v6.3.1/lib/node_modules/npm/node_modules/npm-registry-client/lib/request.js:252:14)
40 verbose stack     at Request._callback (/home/docker-user/.nvm/versions/node/v6.3.1/lib/node_modules/npm/node_modules/npm-registry-client/lib/request.js:172:14)
40 verbose stack     at Request.self.callback (/home/docker-user/.nvm/versions/node/v6.3.1/lib/node_modules/npm/node_modules/request/request.js:200:22)
40 verbose stack     at emitTwo (events.js:106:13)
40 verbose stack     at Request.emit (events.js:191:7)
40 verbose stack     at Request.<anonymous> (/home/docker-user/.nvm/versions/node/v6.3.1/lib/node_modules/npm/node_modules/request/request.js:1067:10)
40 verbose stack     at emitOne (events.js:101:20)
40 verbose stack     at Request.emit (events.js:188:7)
40 verbose stack     at IncomingMessage.<anonymous> (/home/docker-user/.nvm/versions/node/v6.3.1/lib/node_modules/npm/node_modules/request/request.js:988:12)
41 verbose statusCode 403
42 verbose pkgid consul-helper
43 verbose cwd /home/docker-user/Documents/consul-helper
44 error Linux 4.4.0-34-generic
45 error argv "/home/docker-user/.nvm/versions/node/v6.3.1/bin/node" "/home/docker-user/.nvm/versions/node/v6.3.1/bin/npm" "publish"
46 error node v6.3.1
47 error npm  v3.10.3
48 error code E403
49 error "You cannot publish over the previously published version 2.2.1." : consul-helper
50 error If you need help, you may report this error at:
50 error     <https://github.com/npm/npm/issues>
51 verbose exit [ 1, true ]
